maven-jar-plugin-3.1.1.pom
maven-plugins-33.pom
maven-parent-33.pom
apache-21.pom
maven-jar-plugin-3.1.1.jar
maven-clean-plugin-3.2.0.pom
maven-plugins-35.pom
maven-parent-35.pom
apache-25.pom
maven-clean-plugin-3.2.0.jar
maven-resources-plugin-3.3.0.pom
maven-plugins-36.pom
maven-parent-36.pom
apache-26.pom
maven-resources-plugin-3.3.0.jar
maven-compiler-plugin-3.10.1.pom
maven-plugins-34.pom
maven-parent-34.pom
apache-23.pom
maven-compiler-plugin-3.10.1.jar
maven-surefire-plugin-3.0.0.pom
surefire-3.0.0.pom
maven-parent-39.pom
apache-29.pom
maven-surefire-plugin-3.0.0.jar
maven-install-plugin-3.1.0.pom
maven-plugins-37.pom
maven-parent-37.pom
apache-27.pom
maven-install-plugin-3.1.0.jar
maven-deploy-plugin-3.1.0.pom
maven-plugins-39.pom
maven-deploy-plugin-3.1.0.jar
maven-site-plugin-3.12.1.pom
maven-site-plugin-3.12.1.jar
maven-antrun-plugin-1.3.pom
maven-plugins-12.pom
maven-parent-9.pom
apache-4.pom
maven-antrun-plugin-1.3.jar
maven-assembly-plugin-2.2-beta-5.pom
maven-plugins-16.pom
maven-parent-15.pom
apache-6.pom
maven-assembly-plugin-2.2-beta-5.jar
maven-dependency-plugin-2.8.pom
maven-plugins-24.pom
maven-parent-23.pom
apache-13.pom
maven-dependency-plugin-2.8.jar
maven-artifact-2.0.9.pom
maven-2.0.9.pom
maven-parent-8.pom
plexus-utils-1.5.1.pom
plexus-1.0.11.pom
maven-plugin-api-2.0.9.pom
maven-project-2.0.9.pom
maven-settings-2.0.9.pom
maven-model-2.0.9.pom
plexus-container-default-1.0-alpha-9-stable-1.pom
plexus-containers-1.0.3.pom
plexus-1.0.4.pom
junit-3.8.1.pom
plexus-utils-1.0.4.pom
classworlds-1.1-alpha-2.pom
maven-profile-2.0.9.pom
maven-artifact-manager-2.0.9.pom
maven-repository-metadata-2.0.9.pom
maven-plugin-registry-2.0.9.pom
maven-core-2.0.9.pom
maven-plugin-parameter-documenter-2.0.9.pom
maven-reporting-api-2.0.9.pom
maven-reporting-2.0.9.pom
doxia-sink-api-1.0-alpha-10.pom
doxia-1.0-alpha-10.pom
maven-parent-6.pom
maven-error-diagnostics-2.0.9.pom
commons-cli-1.0.pom
maven-plugin-descriptor-2.0.9.pom
plexus-interactivity-api-1.0-alpha-4.pom
maven-monitor-2.0.9.pom
classworlds-1.1.pom
maven-reporting-api-3.0.pom
maven-shared-components-15.pom
maven-parent-16.pom
apache-7.pom
doxia-sink-api-1.0.pom
doxia-1.0.pom
maven-parent-10.pom
maven-reporting-impl-2.0.5.pom
maven-project-2.0.6.pom
maven-2.0.6.pom
maven-parent-5.pom
apache-3.pom
maven-settings-2.0.6.pom
maven-model-2.0.6.pom
plexus-utils-1.4.1.pom
maven-profile-2.0.6.pom
maven-artifact-manager-2.0.6.pom
maven-repository-metadata-2.0.6.pom
maven-artifact-2.0.6.pom
maven-plugin-registry-2.0.6.pom
maven-plugin-api-2.0.6.pom
doxia-core-1.0.pom
plexus-utils-1.5.7.pom
plexus-2.0.2.pom
plexus-container-default-1.0-alpha-30.pom
plexus-containers-1.0-alpha-30.pom
plexus-utils-1.4.5.pom
plexus-classworlds-1.2-alpha-9.pom
plexus-1.0.10.pom
doxia-site-renderer-1.0.pom
doxia-sitetools-1.0.pom
maven-parent-11.pom
apache-5.pom
plexus-i18n-1.0-beta-7.pom
plexus-components-1.1.12.pom
plexus-velocity-1.1.7.pom
plexus-container-default-1.0-alpha-20.pom
plexus-containers-1.0-alpha-20.pom
plexus-utils-1.3.pom
plexus-1.0.8.pom
plexus-classworlds-1.2-alpha-7.pom
plexus-1.0.9.pom
velocity-1.5.pom
commons-collections-3.1.pom
commons-lang-2.1.pom
oro-2.0.8.pom
doxia-decoration-model-1.0.pom
commons-collections-3.2.pom
doxia-module-apt-1.0.pom
doxia-modules-1.0.pom
doxia-module-fml-1.0.pom
doxia-module-xdoc-1.0.pom
doxia-module-xhtml-1.0.pom
maven-doxia-tools-1.0.2.pom
maven-shared-components-11.pom
commons-io-1.4.pom
commons-parent-7.pom
maven-reporting-api-2.0.6.pom
maven-reporting-2.0.6.pom
doxia-sink-api-1.0-alpha-7.pom
doxia-1.0-alpha-7.pom
plexus-container-default-1.0-alpha-9.pom
commons-validator-1.2.0.pom
commons-beanutils-1.7.0.pom
commons-logging-1.0.3.pom
commons-digester-1.6.pom
commons-beanutils-1.6.pom
commons-logging-1.0.pom
commons-collections-2.0.pom
commons-collections-2.1.pom
xml-apis-1.0.b2.pom
commons-logging-1.0.4.pom
xml-apis-2.0.2.pom
plexus-utils-1.5.8.pom
plexus-archiver-2.3.pom
plexus-components-1.3.pom
plexus-3.3.pom
spice-parent-17.pom
forge-parent-10.pom
plexus-utils-3.0.10.pom
plexus-io-2.0.6.pom
plexus-components-1.2.pom
plexus-3.2.pom
plexus-utils-3.0.8.pom
plexus-utils-3.0.9.pom
file-management-1.2.1.pom
maven-shared-components-10.pom
maven-shared-io-1.1.pom
maven-shared-components-8.pom
maven-parent-7.pom
maven-artifact-2.0.2.pom
maven-2.0.2.pom
plexus-utils-1.1.pom
maven-artifact-manager-2.0.2.pom
maven-repository-metadata-2.0.2.pom
wagon-provider-api-1.0-alpha-6.pom
wagon-1.0-alpha-6.pom
plexus-utils-1.4.6.pom
plexus-utils-1.5.6.pom
plexus-1.0.12.pom
maven-dependency-analyzer-1.4.pom
maven-shared-components-19.pom
asm-3.3.1.pom
asm-parent-3.3.1.pom
plexus-component-annotations-1.5.5.pom
plexus-containers-1.5.5.pom
plexus-2.0.7.pom
maven-project-2.0.5.pom
maven-2.0.5.pom
maven-settings-2.0.5.pom
maven-model-2.0.5.pom
maven-profile-2.0.5.pom
maven-artifact-manager-2.0.5.pom
maven-repository-metadata-2.0.5.pom
maven-artifact-2.0.5.pom
maven-dependency-tree-2.1.pom
maven-project-2.2.0.pom
maven-2.2.0.pom
maven-settings-2.2.0.pom
maven-model-2.2.0.pom
plexus-utils-1.5.15.pom
plexus-interpolation-1.11.pom
plexus-components-1.1.14.pom
maven-profile-2.2.0.pom
maven-artifact-manager-2.2.0.pom
maven-repository-metadata-2.2.0.pom
maven-artifact-2.2.0.pom
backport-util-concurrent-3.1.pom
maven-plugin-registry-2.2.0.pom
aether-util-0.9.0.M2.pom
aether-0.9.0.M2.pom
maven-common-artifact-filters-1.4.pom
maven-shared-components-17.pom
maven-parent-21.pom
apache-10.pom
maven-artifact-2.0.8.pom
maven-2.0.8.pom
maven-model-2.0.8.pom
maven-project-2.0.8.pom
maven-settings-2.0.8.pom
maven-profile-2.0.8.pom
maven-artifact-manager-2.0.8.pom
maven-repository-metadata-2.0.8.pom
maven-plugin-registry-2.0.8.pom
maven-plugin-api-2.0.8.pom
plexus-container-default-1.5.5.pom
plexus-classworlds-2.2.2.pom
plexus-2.0.3.pom
xbean-reflect-3.4.pom
xbean-3.4.pom
log4j-1.2.12.pom
commons-logging-api-1.1.pom
google-collections-1.0.pom
google-1.pom
junit-3.8.2.pom
plexus-utils-2.1.pom
spice-parent-16.pom
forge-parent-5.pom
maven-invoker-2.0.11.pom
maven-shared-components-12.pom
maven-parent-13.pom
commons-lang-2.6.pom
commons-parent-17.pom
commons-collections-3.2.1.pom
commons-parent-9.pom
maven-artifact-2.0.9.jar
maven-plugin-api-2.0.9.jar
maven-project-2.0.9.jar
maven-settings-2.0.9.jar
maven-profile-2.0.9.jar
maven-plugin-registry-2.0.9.jar
maven-model-2.0.9.jar
maven-core-2.0.9.jar
maven-plugin-parameter-documenter-2.0.9.jar
maven-error-diagnostics-2.0.9.jar
commons-cli-1.0.jar
maven-plugin-descriptor-2.0.9.jar
plexus-interactivity-api-1.0-alpha-4.jar
maven-monitor-2.0.9.jar
maven-artifact-manager-2.0.9.jar
maven-repository-metadata-2.0.9.jar
maven-reporting-api-3.0.jar
maven-reporting-impl-2.0.5.jar
doxia-core-1.0.jar
maven-doxia-tools-1.0.2.jar
commons-io-1.4.jar
commons-validator-1.2.0.jar
commons-beanutils-1.7.0.jar
commons-digester-1.6.jar
commons-logging-1.0.4.jar
oro-2.0.8.jar
xml-apis-1.0.b2.jar
doxia-sink-api-1.0.jar
doxia-site-renderer-1.0.jar
plexus-i18n-1.0-beta-7.jar
plexus-velocity-1.1.7.jar
velocity-1.5.jar
doxia-decoration-model-1.0.jar
doxia-module-apt-1.0.jar
doxia-module-fml-1.0.jar
doxia-module-xdoc-1.0.jar
doxia-module-xhtml-1.0.jar
plexus-archiver-2.3.jar
plexus-utils-3.0.9.jar
file-management-1.2.1.jar
maven-shared-io-1.1.jar
wagon-provider-api-1.0-alpha-6.jar
plexus-container-default-1.0-alpha-9-stable-1.jar
plexus-io-2.0.6.jar
junit-3.8.1.jar
maven-dependency-analyzer-1.4.jar
asm-3.3.1.jar
plexus-component-annotations-1.5.5.jar
maven-dependency-tree-2.1.jar
aether-util-0.9.0.M2.jar
maven-common-artifact-filters-1.4.jar
maven-invoker-2.0.11.jar
commons-lang-2.6.jar
commons-collections-3.2.1.jar
classworlds-1.1.jar
maven-plugin-api-3.0.jar
maven-core-3.0.jar
maven-artifact-3.0.jar
maven-archiver-3.3.0.jar
plexus-archiver-3.7.0.jar
plexus-utils-3.1.0.jar
plexus-interpolation-1.26.jar
maven-filtering-3.3.0.jar
commons-io-2.11.0.jar
commons-lang3-3.12.0.jar
maven-surefire-common-3.0.0.jar
maven-shared-utils-3.3.4.jar
plexus-utils-3.5.0.jar
aether-util-1.0.0.v20140518.jar
maven-shared-incremental-1.1.jar
plexus-java-1.1.1.jar
plexus-compiler-api-2.11.1.jar
plexus-compiler-manager-2.11.1.jar
plexus-compiler-javac-2.11.1.jar
maven-reporting-api-3.1.1.jar
maven-reporting-exec-1.6.0.jar
maven-archiver-3.5.2.jar
plexus-archiver-4.2.7.jar
plexus-i18n-1.0-beta-10.jar
plexus-utils-3.4.2.jar
doxia-sink-api-1.11.1.jar
doxia-core-1.11.1.jar
doxia-module-xhtml-1.11.1.jar
doxia-module-xhtml5-1.11.1.jar
doxia-module-apt-1.11.1.jar
doxia-module-xdoc-1.11.1.jar
doxia-module-fml-1.11.1.jar
doxia-module-markdown-1.11.1.jar
doxia-module-confluence-1.11.1.jar
doxia-module-docbook-simple-1.11.1.jar
doxia-module-twiki-1.11.1.jar
doxia-decoration-model-1.11.1.jar
doxia-site-renderer-1.11.1.jar
doxia-integration-tools-1.11.1.jar
jetty-server-9.4.46.v20220331.jar
jetty-servlet-9.4.46.v20220331.jar
jetty-webapp-9.4.46.v20220331.jar
jetty-util-9.4.46.v20220331.jar
plexus-utils-3.3.0.jar
