[INFO] Plugin Resolved: maven-jar-plugin-3.1.1.jar
Downloading from central: https://repo.maven.apache.org/maven2/org/apache/maven/maven-archiver/3.3.0/maven-archiver-3.3.0.jar
Downloaded from central: https://repo.maven.apache.org/maven2/org/apache/maven/maven-archiver/3.3.0/maven-archiver-3.3.0.jar (24 kB at 21 kB/s)
Downloading from central: https://repo.maven.apache.org/maven2/org/codehaus/plexus/plexus-archiver/3.7.0/plexus-archiver-3.7.0.jar
Downloaded from central: https://repo.maven.apache.org/maven2/org/codehaus/plexus/plexus-archiver/3.7.0/plexus-archiver-3.7.0.jar (192 kB at 1.1 MB/s)
Downloading from central: https://repo.maven.apache.org/maven2/org/codehaus/plexus/plexus-utils/3.1.0/plexus-utils-3.1.0.jar
Downloaded from central: https://repo.maven.apache.org/maven2/org/codehaus/plexus/plexus-utils/3.1.0/plexus-utils-3.1.0.jar (262 kB at 1.9 MB/s)
[INFO]     Plugin Dependency Resolved: maven-plugin-api-3.0.jar
[INFO]     Plugin Dependency Resolved: maven-core-3.0.jar
[INFO]     Plugin Dependency Resolved: maven-artifact-3.0.jar
[INFO]     Plugin Dependency Resolved: maven-archiver-3.3.0.jar
[INFO]     Plugin Dependency Resolved: plexus-archiver-3.7.0.jar
[INFO]     Plugin Dependency Resolved: plexus-utils-3.1.0.jar
[INFO] Plugin Resolved: maven-resources-plugin-3.3.0.jar
[INFO]     Plugin Dependency Resolved: plexus-interpolation-1.26.jar
[INFO]     Plugin Dependency Resolved: maven-filtering-3.3.0.jar
[INFO]     Plugin Dependency Resolved: commons-io-2.11.0.jar
[INFO]     Plugin Dependency Resolved: commons-lang3-3.12.0.jar
[INFO] Plugin Resolved: maven-surefire-plugin-3.0.0.jar
Downloading from central: https://repo.maven.apache.org/maven2/org/apache/maven/surefire/maven-surefire-common/3.0.0/maven-surefire-common-3.0.0.jar
Downloaded from central: https://repo.maven.apache.org/maven2/org/apache/maven/surefire/maven-surefire-common/3.0.0/maven-surefire-common-3.0.0.jar (308 kB at 4.3 MB/s)
[INFO]     Plugin Dependency Resolved: maven-surefire-common-3.0.0.jar
[INFO] Plugin Resolved: maven-clean-plugin-3.2.0.jar
[INFO]     Plugin Dependency Resolved: maven-shared-utils-3.3.4.jar
[INFO] Plugin Resolved: maven-deploy-plugin-3.1.0.jar
[INFO]     Plugin Dependency Resolved: plexus-utils-3.5.0.jar
[INFO]     Plugin Dependency Resolved: aether-util-1.0.0.v20140518.jar
[INFO] Plugin Resolved: maven-compiler-plugin-3.10.1.jar
[INFO]     Plugin Dependency Resolved: maven-shared-utils-3.3.4.jar
[INFO]     Plugin Dependency Resolved: maven-shared-incremental-1.1.jar
[INFO]     Plugin Dependency Resolved: plexus-java-1.1.1.jar
[INFO]     Plugin Dependency Resolved: plexus-compiler-api-2.11.1.jar
[INFO]     Plugin Dependency Resolved: plexus-compiler-manager-2.11.1.jar
[INFO]     Plugin Dependency Resolved: plexus-compiler-javac-2.11.1.jar
[INFO] Plugin Resolved: maven-site-plugin-3.12.1.jar
Downloading from central: https://repo.maven.apache.org/maven2/org/apache/maven/reporting/maven-reporting-api/3.1.1/maven-reporting-api-3.1.1.jar
Downloaded from central: https://repo.maven.apache.org/maven2/org/apache/maven/reporting/maven-reporting-api/3.1.1/maven-reporting-api-3.1.1.jar (11 kB at 503 kB/s)
Downloading from central: https://repo.maven.apache.org/maven2/org/apache/maven/reporting/maven-reporting-exec/1.6.0/maven-reporting-exec-1.6.0.jar
Downloaded from central: https://repo.maven.apache.org/maven2/org/apache/maven/reporting/maven-reporting-exec/1.6.0/maven-reporting-exec-1.6.0.jar (31 kB at 525 kB/s)
Downloading from central: https://repo.maven.apache.org/maven2/org/apache/maven/maven-archiver/3.5.2/maven-archiver-3.5.2.jar
Downloaded from central: https://repo.maven.apache.org/maven2/org/apache/maven/maven-archiver/3.5.2/maven-archiver-3.5.2.jar (26 kB at 934 kB/s)
Downloading from central: https://repo.maven.apache.org/maven2/org/codehaus/plexus/plexus-archiver/4.2.7/plexus-archiver-4.2.7.jar
Downloaded from central: https://repo.maven.apache.org/maven2/org/codehaus/plexus/plexus-archiver/4.2.7/plexus-archiver-4.2.7.jar (195 kB at 4.3 MB/s)
Downloading from central: https://repo.maven.apache.org/maven2/org/codehaus/plexus/plexus-i18n/1.0-beta-10/plexus-i18n-1.0-beta-10.jar
Downloaded from central: https://repo.maven.apache.org/maven2/org/codehaus/plexus/plexus-i18n/1.0-beta-10/plexus-i18n-1.0-beta-10.jar (12 kB at 331 kB/s)
Downloading from central: https://repo.maven.apache.org/maven2/org/apache/maven/doxia/doxia-sink-api/1.11.1/doxia-sink-api-1.11.1.jar
Downloaded from central: https://repo.maven.apache.org/maven2/org/apache/maven/doxia/doxia-sink-api/1.11.1/doxia-sink-api-1.11.1.jar (12 kB at 400 kB/s)
Downloading from central: https://repo.maven.apache.org/maven2/org/apache/maven/doxia/doxia-core/1.11.1/doxia-core-1.11.1.jar
Downloaded from central: https://repo.maven.apache.org/maven2/org/apache/maven/doxia/doxia-core/1.11.1/doxia-core-1.11.1.jar (218 kB at 4.5 MB/s)
Downloading from central: https://repo.maven.apache.org/maven2/org/apache/maven/doxia/doxia-module-xhtml/1.11.1/doxia-module-xhtml-1.11.1.jar
Downloaded from central: https://repo.maven.apache.org/maven2/org/apache/maven/doxia/doxia-module-xhtml/1.11.1/doxia-module-xhtml-1.11.1.jar (17 kB at 404 kB/s)
Downloading from central: https://repo.maven.apache.org/maven2/org/apache/maven/doxia/doxia-module-xhtml5/1.11.1/doxia-module-xhtml5-1.11.1.jar
Downloaded from central: https://repo.maven.apache.org/maven2/org/apache/maven/doxia/doxia-module-xhtml5/1.11.1/doxia-module-xhtml5-1.11.1.jar (18 kB at 637 kB/s)
Downloading from central: https://repo.maven.apache.org/maven2/org/apache/maven/doxia/doxia-module-apt/1.11.1/doxia-module-apt-1.11.1.jar
Downloaded from central: https://repo.maven.apache.org/maven2/org/apache/maven/doxia/doxia-module-apt/1.11.1/doxia-module-apt-1.11.1.jar (55 kB at 1.5 MB/s)
Downloading from central: https://repo.maven.apache.org/maven2/org/apache/maven/doxia/doxia-module-xdoc/1.11.1/doxia-module-xdoc-1.11.1.jar
Downloaded from central: https://repo.maven.apache.org/maven2/org/apache/maven/doxia/doxia-module-xdoc/1.11.1/doxia-module-xdoc-1.11.1.jar (37 kB at 1.2 MB/s)
Downloading from central: https://repo.maven.apache.org/maven2/org/apache/maven/doxia/doxia-module-fml/1.11.1/doxia-module-fml-1.11.1.jar
Downloaded from central: https://repo.maven.apache.org/maven2/org/apache/maven/doxia/doxia-module-fml/1.11.1/doxia-module-fml-1.11.1.jar (38 kB at 1.4 MB/s)
Downloading from central: https://repo.maven.apache.org/maven2/org/apache/maven/doxia/doxia-module-markdown/1.11.1/doxia-module-markdown-1.11.1.jar
Downloaded from central: https://repo.maven.apache.org/maven2/org/apache/maven/doxia/doxia-module-markdown/1.11.1/doxia-module-markdown-1.11.1.jar (18 kB at 471 kB/s)
Downloading from central: https://repo.maven.apache.org/maven2/org/apache/maven/doxia/doxia-module-confluence/1.11.1/doxia-module-confluence-1.11.1.jar
Downloaded from central: https://repo.maven.apache.org/maven2/org/apache/maven/doxia/doxia-module-confluence/1.11.1/doxia-module-confluence-1.11.1.jar (58 kB at 1.9 MB/s)
Downloading from central: https://repo.maven.apache.org/maven2/org/apache/maven/doxia/doxia-module-docbook-simple/1.11.1/doxia-module-docbook-simple-1.11.1.jar
Downloaded from central: https://repo.maven.apache.org/maven2/org/apache/maven/doxia/doxia-module-docbook-simple/1.11.1/doxia-module-docbook-simple-1.11.1.jar (128 kB at 3.1 MB/s)
Downloading from central: https://repo.maven.apache.org/maven2/org/apache/maven/doxia/doxia-module-twiki/1.11.1/doxia-module-twiki-1.11.1.jar
Downloaded from central: https://repo.maven.apache.org/maven2/org/apache/maven/doxia/doxia-module-twiki/1.11.1/doxia-module-twiki-1.11.1.jar (73 kB at 2.1 MB/s)
Downloading from central: https://repo.maven.apache.org/maven2/org/apache/maven/doxia/doxia-decoration-model/1.11.1/doxia-decoration-model-1.11.1.jar
Downloaded from central: https://repo.maven.apache.org/maven2/org/apache/maven/doxia/doxia-decoration-model/1.11.1/doxia-decoration-model-1.11.1.jar (60 kB at 1.6 MB/s)
Downloading from central: https://repo.maven.apache.org/maven2/org/apache/maven/doxia/doxia-site-renderer/1.11.1/doxia-site-renderer-1.11.1.jar
Downloaded from central: https://repo.maven.apache.org/maven2/org/apache/maven/doxia/doxia-site-renderer/1.11.1/doxia-site-renderer-1.11.1.jar (65 kB at 1.6 MB/s)
Downloading from central: https://repo.maven.apache.org/maven2/org/apache/maven/doxia/doxia-integration-tools/1.11.1/doxia-integration-tools-1.11.1.jar
Downloaded from central: https://repo.maven.apache.org/maven2/org/apache/maven/doxia/doxia-integration-tools/1.11.1/doxia-integration-tools-1.11.1.jar (47 kB at 1.8 MB/s)
Downloading from central: https://repo.maven.apache.org/maven2/org/eclipse/jetty/jetty-server/9.4.46.v20220331/jetty-server-9.4.46.v20220331.jar
Downloaded from central: https://repo.maven.apache.org/maven2/org/eclipse/jetty/jetty-server/9.4.46.v20220331/jetty-server-9.4.46.v20220331.jar (733 kB at 6.0 MB/s)
Downloading from central: https://repo.maven.apache.org/maven2/org/eclipse/jetty/jetty-servlet/9.4.46.v20220331/jetty-servlet-9.4.46.v20220331.jar
Downloaded from central: https://repo.maven.apache.org/maven2/org/eclipse/jetty/jetty-servlet/9.4.46.v20220331/jetty-servlet-9.4.46.v20220331.jar (147 kB at 2.8 MB/s)
Downloading from central: https://repo.maven.apache.org/maven2/org/eclipse/jetty/jetty-webapp/9.4.46.v20220331/jetty-webapp-9.4.46.v20220331.jar
Downloaded from central: https://repo.maven.apache.org/maven2/org/eclipse/jetty/jetty-webapp/9.4.46.v20220331/jetty-webapp-9.4.46.v20220331.jar (141 kB at 3.3 MB/s)
Downloading from central: https://repo.maven.apache.org/maven2/org/eclipse/jetty/jetty-util/9.4.46.v20220331/jetty-util-9.4.46.v20220331.jar
Downloaded from central: https://repo.maven.apache.org/maven2/org/eclipse/jetty/jetty-util/9.4.46.v20220331/jetty-util-9.4.46.v20220331.jar (586 kB at 6.5 MB/s)
[INFO]     Plugin Dependency Resolved: maven-reporting-api-3.1.1.jar
[INFO]     Plugin Dependency Resolved: maven-reporting-exec-1.6.0.jar
[INFO]     Plugin Dependency Resolved: maven-shared-utils-3.3.4.jar
[INFO]     Plugin Dependency Resolved: maven-archiver-3.5.2.jar
[INFO]     Plugin Dependency Resolved: plexus-archiver-4.2.7.jar
[INFO]     Plugin Dependency Resolved: plexus-i18n-1.0-beta-10.jar
[INFO]     Plugin Dependency Resolved: plexus-utils-3.4.2.jar
[INFO]     Plugin Dependency Resolved: doxia-sink-api-1.11.1.jar
[INFO]     Plugin Dependency Resolved: doxia-core-1.11.1.jar
[INFO]     Plugin Dependency Resolved: doxia-module-xhtml-1.11.1.jar
[INFO]     Plugin Dependency Resolved: doxia-module-xhtml5-1.11.1.jar
[INFO]     Plugin Dependency Resolved: doxia-module-apt-1.11.1.jar
[INFO]     Plugin Dependency Resolved: doxia-module-xdoc-1.11.1.jar
[INFO]     Plugin Dependency Resolved: doxia-module-fml-1.11.1.jar
[INFO]     Plugin Dependency Resolved: doxia-module-markdown-1.11.1.jar
[INFO]     Plugin Dependency Resolved: doxia-module-confluence-1.11.1.jar
[INFO]     Plugin Dependency Resolved: doxia-module-docbook-simple-1.11.1.jar
[INFO]     Plugin Dependency Resolved: doxia-module-twiki-1.11.1.jar
[INFO]     Plugin Dependency Resolved: doxia-decoration-model-1.11.1.jar
[INFO]     Plugin Dependency Resolved: doxia-site-renderer-1.11.1.jar
[INFO]     Plugin Dependency Resolved: doxia-integration-tools-1.11.1.jar
[INFO]     Plugin Dependency Resolved: jetty-server-9.4.46.v20220331.jar
[INFO]     Plugin Dependency Resolved: jetty-servlet-9.4.46.v20220331.jar
[INFO]     Plugin Dependency Resolved: jetty-webapp-9.4.46.v20220331.jar
[INFO]     Plugin Dependency Resolved: jetty-util-9.4.46.v20220331.jar
[INFO] Plugin Resolved: maven-install-plugin-3.1.0.jar
[INFO]     Plugin Dependency Resolved: aether-util-1.0.0.v20140518.jar
[INFO]     Plugin Dependency Resolved: plexus-utils-3.3.0.jar
[INFO] ------------------------------------------------------------------------
[INFO] BUILD SUCCESS
[INFO] ------------------------------------------------------------------------
[INFO] Total time:  4.201 s
[INFO] Finished at: 2023-05-26T15:33:04-06:00
[INFO] ------------------------------------------------------------------------
➜  maven-jar git:(main) ✗ 